<?xml version="1.0" encoding="UTF-8"?>
<!-- Generated by org.testng.reporters.JUnitXMLReporter -->
<testsuite ignored="0" hostname="DESKTOP-NNGQNDK" failures="0" tests="8" name="Default test" time="37.236" errors="0" timestamp="2022-03-11T17:09:10 IST">
  <testcase classname="com.sgtesting.testcases.CreateUserScenarioDemo" name="launchBrowser" time="2.07"/>
  <testcase classname="com.sgtesting.testcases.CreateUserScenarioDemo" name="navigate" time="2.26"/>
  <testcase classname="com.sgtesting.testcases.CreateUserScenarioDemo" name="login" time="4.206"/>
  <testcase classname="com.sgtesting.testcases.CreateUserScenarioDemo" name="minimizeFlyOutWindow" time="2.087"/>
  <testcase classname="com.sgtesting.testcases.CreateUserScenarioDemo" name="createUser" time="16.917"/>
  <testcase classname="com.sgtesting.testcases.CreateUserScenarioDemo" name="deleteUser" time="7.251"/>
  <testcase classname="com.sgtesting.testcases.CreateUserScenarioDemo" name="logout" time="2.258"/>
  <testcase classname="com.sgtesting.testcases.CreateUserScenarioDemo" name="closeApplication" time="0.115"/>
</testsuite> <!-- Default test -->
