<?xml version="1.0" encoding="UTF-8"?>
<!-- Generated by org.testng.reporters.JUnitXMLReporter -->
<testsuite ignored="0" hostname="DESKTOP-NNGQNDK" failures="0" tests="6" name="Users and Products" time="0.107" errors="0" timestamp="2022-03-21T12:35:19 IST">
  <testcase classname="com.sgtesting.tests.Users" name="createUser" time="0.011"/>
  <testcase classname="com.sgtesting.tests.Users" name="deleteUser" time="0.002"/>
  <testcase classname="com.sgtesting.tests.Users" name="modifyUser" time="0.004"/>
  <testcase classname="com.sgtesting.tests.Products" name="createProduct" time="0.001"/>
  <testcase classname="com.sgtesting.tests.Products" name="deleteProduct" time="0.001"/>
  <testcase classname="com.sgtesting.tests.Products" name="modifyProduct" time="0.0"/>
</testsuite> <!-- Users and Products -->
