<?xml version="1.0" encoding="UTF-8"?>
<testng-results ignored="0" total="8" passed="8" failed="0" skipped="0">
  <reporter-output>
  </reporter-output>
  <suite started-at="2022-03-11T17:08:33 IST" name="Default suite" finished-at="2022-03-11T17:09:10 IST" duration-ms="37236">
    <groups>
    </groups>
    <test started-at="2022-03-11T17:08:33 IST" name="Default test" finished-at="2022-03-11T17:09:10 IST" duration-ms="37236">
      <class name="com.sgtesting.testcases.CreateUserScenarioDemo">
        <test-method signature="launchBrowser()[pri:1, instance:com.sgtesting.testcases.CreateUserScenarioDemo@3c73951]" started-at="2022-03-11T17:08:33 IST" name="launchBrowser" finished-at="2022-03-11T17:08:35 IST" duration-ms="2070" status="PASS">
          <reporter-output>
          </reporter-output>
        </test-method> <!-- launchBrowser -->
        <test-method signature="navigate()[pri:2, instance:com.sgtesting.testcases.CreateUserScenarioDemo@3c73951]" started-at="2022-03-11T17:08:35 IST" name="navigate" finished-at="2022-03-11T17:08:37 IST" duration-ms="2260" status="PASS">
          <reporter-output>
          </reporter-output>
        </test-method> <!-- navigate -->
        <test-method signature="login()[pri:3, instance:com.sgtesting.testcases.CreateUserScenarioDemo@3c73951]" started-at="2022-03-11T17:08:37 IST" name="login" finished-at="2022-03-11T17:08:41 IST" duration-ms="4206" status="PASS">
          <reporter-output>
          </reporter-output>
        </test-method> <!-- login -->
        <test-method signature="minimizeFlyOutWindow()[pri:4, instance:com.sgtesting.testcases.CreateUserScenarioDemo@3c73951]" started-at="2022-03-11T17:08:41 IST" name="minimizeFlyOutWindow" finished-at="2022-03-11T17:08:44 IST" duration-ms="2087" status="PASS">
          <reporter-output>
          </reporter-output>
        </test-method> <!-- minimizeFlyOutWindow -->
        <test-method signature="createUser()[pri:5, instance:com.sgtesting.testcases.CreateUserScenarioDemo@3c73951]" started-at="2022-03-11T17:08:44 IST" name="createUser" finished-at="2022-03-11T17:09:01 IST" duration-ms="16917" status="PASS">
          <reporter-output>
          </reporter-output>
        </test-method> <!-- createUser -->
        <test-method signature="deleteUser()[pri:6, instance:com.sgtesting.testcases.CreateUserScenarioDemo@3c73951]" started-at="2022-03-11T17:09:01 IST" name="deleteUser" finished-at="2022-03-11T17:09:08 IST" duration-ms="7251" status="PASS">
          <reporter-output>
          </reporter-output>
        </test-method> <!-- deleteUser -->
        <test-method signature="logout()[pri:7, instance:com.sgtesting.testcases.CreateUserScenarioDemo@3c73951]" started-at="2022-03-11T17:09:08 IST" name="logout" finished-at="2022-03-11T17:09:10 IST" duration-ms="2258" status="PASS">
          <reporter-output>
          </reporter-output>
        </test-method> <!-- logout -->
        <test-method signature="closeApplication()[pri:8, instance:com.sgtesting.testcases.CreateUserScenarioDemo@3c73951]" started-at="2022-03-11T17:09:10 IST" name="closeApplication" finished-at="2022-03-11T17:09:10 IST" duration-ms="115" status="PASS">
          <reporter-output>
          </reporter-output>
        </test-method> <!-- closeApplication -->
      </class> <!-- com.sgtesting.testcases.CreateUserScenarioDemo -->
    </test> <!-- Default test -->
  </suite> <!-- Default suite -->
</testng-results>
